[ 2015-10-08T11:23:50+08:00 ] 127.0.0.1 /ttweibo/Uploads/Face//max_
INFO: [ app_init ] --START--
INFO: Run Behavior\BuildLiteBehavior [ RunTime:0.000029s ]
INFO: [ app_init ] --END-- [ RunTime:0.000661s ]
ERR: 无法加载模块:Uploads

[ 2015-10-08T11:26:06+08:00 ] 127.0.0.1 /ttweibo/Uploads/Face/null
INFO: [ app_init ] --START--
INFO: Run Behavior\BuildLiteBehavior [ RunTime:0.000031s ]
INFO: [ app_init ] --END-- [ RunTime:0.000693s ]
ERR: 无法加载模块:Uploads

[ 2015-10-08T11:29:35+08:00 ] 127.0.0.1 /ttweibo/Uploads/Face/undefined
INFO: [ app_init ] --START--
INFO: Run Behavior\BuildLiteBehavior [ RunTime:0.000033s ]
INFO: [ app_init ] --END-- [ RunTime:0.000797s ]
ERR: 无法加载模块:Uploads

[ 2015-10-08T14:23:04+08:00 ] 127.0.0.1 /ttweibo/Uploads/[object%20Object]
INFO: [ app_init ] --START--
INFO: Run Behavior\BuildLiteBehavior [ RunTime:0.000034s ]
INFO: [ app_init ] --END-- [ RunTime:0.000750s ]
ERR: 无法加载模块:Uploads

[ 2015-10-08T14:24:04+08:00 ] 127.0.0.1 /ttweibo/Uploads/[object%20Object]
INFO: [ app_init ] --START--
INFO: Run Behavior\BuildLiteBehavior [ RunTime:0.000030s ]
INFO: [ app_init ] --END-- [ RunTime:0.000682s ]
ERR: 无法加载模块:Uploads

[ 2015-10-08T14:24:17+08:00 ] 127.0.0.1 /ttweibo/Uploads/[object%20Object]
INFO: [ app_init ] --START--
INFO: Run Behavior\BuildLiteBehavior [ RunTime:0.000031s ]
INFO: [ app_init ] --END-- [ RunTime:0.000691s ]
ERR: 无法加载模块:Uploads

[ 2015-10-08T14:25:01+08:00 ] 127.0.0.1 /ttweibo/Uploads/Uploads/Face/2015_10/max_56160c3cd41af.png
INFO: [ app_init ] --START--
INFO: Run Behavior\BuildLiteBehavior [ RunTime:0.000031s ]
INFO: [ app_init ] --END-- [ RunTime:0.000740s ]
ERR: 无法加载模块:Uploads

